WARN [12-06|04:22:31] No etherbase set and no accounts found as default 
INFO [12-06|04:22:31] Starting peer-to-peer node               instance=Geth/v1.7.3-stable/darwin-amd64/go1.9.2
INFO [12-06|04:22:31] Allocated cache and file handles         database=/Users/carlosspaggiari/ethereum/test/geth/chaindata cache=128 handles=1024
WARN [12-06|04:22:31] Upgrading database to use lookup entries 
INFO [12-06|04:22:31] Database deduplication successful        deduped=0
INFO [12-06|04:22:31] Initialised chain configuration          config="{ChainID: 15 Homestead: 0 DAO: <nil> DAOSupport: false EIP150: <nil> EIP155: 0 EIP158: 0 Byzantium: <nil> Engine: unknown}"
INFO [12-06|04:22:31] Disk storage enabled for ethash caches   dir=/Users/carlosspaggiari/ethereum/test/geth/ethash count=3
INFO [12-06|04:22:31] Disk storage enabled for ethash DAGs     dir=/Users/carlosspaggiari/.ethash                   count=2
INFO [12-06|04:22:31] Initialising Ethereum protocol           versions="[63 62]" network=1
INFO [12-06|04:22:31] Loaded most recent local header          number=0 hash=614a31…9df7ba td=200000000
INFO [12-06|04:22:31] Loaded most recent local full block      number=0 hash=614a31…9df7ba td=200000000
INFO [12-06|04:22:31] Loaded most recent local fast block      number=0 hash=614a31…9df7ba td=200000000
INFO [12-06|04:22:31] Regenerated local transaction journal    transactions=0 accounts=0
INFO [12-06|04:22:31] Starting P2P networking 
INFO [12-06|04:22:31] UDP listener up                          self=enode://7f12bc9d1710f8fa5b4244954a84b6ee6e03328fd60da858188b3a8c0345df5576ce993c731dc4a791d56f8b17d4ec885ff0791b17c48fc95da65e4d832b4cfc@192.168.250.3:30303
INFO [12-06|04:22:31] RLPx listener up                         self=enode://7f12bc9d1710f8fa5b4244954a84b6ee6e03328fd60da858188b3a8c0345df5576ce993c731dc4a791d56f8b17d4ec885ff0791b17c48fc95da65e4d832b4cfc@192.168.250.3:30303
INFO [12-06|04:22:31] IPC endpoint opened: /Users/carlosspaggiari/ethereum/test/geth.ipc 
INFO [12-06|04:22:56] IPC endpoint closed: /Users/carlosspaggiari/ethereum/test/geth.ipc 
INFO [12-06|04:22:56] Blockchain manager stopped 
INFO [12-06|04:22:56] Stopping Ethereum protocol 
INFO [12-06|04:22:56] Ethereum protocol stopped 
INFO [12-06|04:22:56] Transaction pool stopped 
INFO [12-06|04:22:56] Database closed                          database=/Users/carlosspaggiari/ethereum/test/geth/chaindata
